<?xml version="1.0" encoding="UTF-8"?>
<!-- Generated by org.testng.reporters.JUnitReportReporter -->
<testsuite hostname="jo03mw485" failures="0" tests="2" name="Dewan.loginPage" time="5.557" errors="0" timestamp="2023-07-18T15:51:34 EEST" skipped="0">
  <testcase classname="Dewan.loginPage" name="validCredentials" time="1.950"/>
  <testcase classname="Dewan.loginPage" name="loginInValid" time="3.607"/>
</testsuite> <!-- Dewan.loginPage -->
