<?xml version="1.0" encoding="UTF-8"?>
<!-- Generated by org.testng.reporters.JUnitReportReporter -->
<testsuite hostname="jo03mw485" failures="0" tests="2" name="Dewan.loginPage" time="12.481" errors="0" timestamp="2023-09-04T10:59:40 EEST" skipped="0">
  <testcase classname="Dewan.loginPage" name="validCredentials" time="9.205"/>
  <testcase classname="Dewan.loginPage" name="loginInValid" time="3.276"/>
</testsuite> <!-- Dewan.loginPage -->
