<?xml version="1.0" encoding="UTF-8"?>
<!-- Generated by org.testng.reporters.JUnitReportReporter -->
<testsuite hostname="jo03mw485" failures="0" tests="1" name="Dewan.rendomTestCases" time="12.643" errors="0" timestamp="2023-07-26T15:00:03 EEST" skipped="0">
  <testcase classname="Dewan.rendomTestCases" name="tsksFollowsTest" time="12.643"/>
</testsuite> <!-- Dewan.rendomTestCases -->
