<?xml version="1.0" encoding="UTF-8"?>
<!-- Generated by org.testng.reporters.JUnitReportReporter -->
<testsuite hostname="jo03mw485" failures="0" tests="2" name="Dewan.rendomTestCases" time="20.643" errors="0" timestamp="2023-07-18T15:52:17 EEST" skipped="0">
  <testcase classname="Dewan.rendomTestCases" name="incomingTestDup" time="5.188"/>
  <testcase classname="Dewan.rendomTestCases" name="incomingTestDup" time="15.455"/>
</testsuite> <!-- Dewan.rendomTestCases -->
