<?xml version="1.0" encoding="UTF-8"?>
<!-- Generated by org.testng.reporters.JUnitReportReporter -->
<testsuite hostname="jo03mw485" failures="0" tests="1" name="Dewan.bookTransaction" time="58.654" errors="0" timestamp="2023-07-27T15:33:52 EEST" skipped="0">
  <testcase classname="Dewan.bookTransaction" name="incomingTest" time="58.654"/>
</testsuite> <!-- Dewan.bookTransaction -->
